0 info it worked if it ends with ok
1 verbose cli [ 'node', '/usr/local/bin/npm', 'view', 'coffeescript' ]
2 info using npm@1.1.50
3 info using node@v0.8.6
4 verbose node symlink /usr/local/bin/node
5 verbose url raw coffeescript
6 verbose url resolving [ 'https://registry.npmjs.org/', './coffeescript' ]
7 verbose url resolved https://registry.npmjs.org/coffeescript
8 info retry registry request attempt 1 at 00:14:33
9 http GET https://registry.npmjs.org/coffeescript
10 http 404 https://registry.npmjs.org/coffeescript
11 silly registry.get cb [ 404,
11 silly registry.get   { server: 'CouchDB/1.2.1 (Erlang OTP/R15B)',
11 silly registry.get     date: 'Fri, 08 Feb 2013 06:12:42 GMT',
11 silly registry.get     'content-type': 'application/json',
11 silly registry.get     'content-length': '52',
11 silly registry.get     'cache-control': 'must-revalidate' } ]
12 error 404 'coffeescript' is not in the npm registry.
12 error 404 You should bug the author to publish it
12 error 404
12 error 404 Note that you can also install from a
12 error 404 tarball, folder, or http url, or git url.
13 error System Darwin 12.2.1
14 error command "node" "/usr/local/bin/npm" "view" "coffeescript"
15 error cwd /Users/paul/Projects/JavaScriptZoo/WebUI/scripts
16 error node -v v0.8.6
17 error npm -v 1.1.50
18 error code E404
19 verbose exit [ 1, true ]
